<?xml version="1.0" encoding="UTF-8"?>
<testng-results ignored="0" total="5" passed="5" failed="0" skipped="0">
  <reporter-output>
    <line>
      <![CDATA[Method name is: verifyHomeUrl]]>
    </line>
    <line>
      <![CDATA[Status of execution is: 1]]>
    </line>
    <line>
      <![CDATA[Method name is: verifyHomePageTitle]]>
    </line>
    <line>
      <![CDATA[Status of execution is: 1]]>
    </line>
    <line>
      <![CDATA[Method name is: bookBusTicket]]>
    </line>
    <line>
      <![CDATA[Status of execution is: 1]]>
    </line>
    <line>
      <![CDATA[Method name is: fillPassengerDetails]]>
    </line>
    <line>
      <![CDATA[Status of execution is: 1]]>
    </line>
    <line>
      <![CDATA[Method name is: verifyAlertPopupAndPrintAlertMsg]]>
    </line>
    <line>
      <![CDATA[Status of execution is: 1]]>
    </line>
  </reporter-output>
  <suite started-at="2022-08-01T17:52:41 IST" name="All Test Suite" finished-at="2022-08-01T17:53:07 IST" duration-ms="26215">
    <groups>
    </groups>
    <test started-at="2022-08-01T17:52:41 IST" name="J:/Selenium_Projects/QA_Assessment_GormalOneLLP/src/test/java/com/BusOnlineTicket/TestCases/HomePageTest.java" finished-at="2022-08-01T17:53:07 IST" duration-ms="26215">
      <class name="com.BusOnlineTicket.TestCases.HomePageTest">
        <test-method is-config="true" signature="setUp()[pri:0, instance:com.BusOnlineTicket.TestCases.HomePageTest@1460a8c0]" started-at="2022-08-01T17:52:41 IST" name="setUp" finished-at="2022-08-01T17:52:51 IST" duration-ms="10356" status="PASS">
          <reporter-output>
          </reporter-output>
        </test-method> <!-- setUp -->
        <test-method signature="verifyHomeUrl()[pri:1, instance:com.BusOnlineTicket.TestCases.HomePageTest@1460a8c0]" started-at="2022-08-01T17:52:51 IST" name="verifyHomeUrl" finished-at="2022-08-01T17:52:51 IST" duration-ms="7" status="PASS">
          <reporter-output>
            <line>
              <![CDATA[Method name is: verifyHomeUrl]]>
            </line>
            <line>
              <![CDATA[Status of execution is: 1]]>
            </line>
          </reporter-output>
        </test-method> <!-- verifyHomeUrl -->
        <test-method signature="verifyHomePageTitle()[pri:2, instance:com.BusOnlineTicket.TestCases.HomePageTest@1460a8c0]" started-at="2022-08-01T17:52:51 IST" name="verifyHomePageTitle" finished-at="2022-08-01T17:52:52 IST" duration-ms="5" status="PASS">
          <reporter-output>
            <line>
              <![CDATA[Method name is: verifyHomePageTitle]]>
            </line>
            <line>
              <![CDATA[Status of execution is: 1]]>
            </line>
          </reporter-output>
        </test-method> <!-- verifyHomePageTitle -->
        <test-method signature="bookBusTicket(java.lang.String,java.lang.String,java.lang.String,int)[pri:3, instance:com.BusOnlineTicket.TestCases.HomePageTest@1460a8c0]" started-at="2022-08-01T17:52:52 IST" name="bookBusTicket" data-provider="placeDetail" finished-at="2022-08-01T17:53:00 IST" duration-ms="8752" status="PASS">
          <params>
            <param index="0">
              <value>
                <![CDATA[Cameron Highlands]]>
              </value>
            </param>
            <param index="1">
              <value>
                <![CDATA[Kuala Lumpur]]>
              </value>
            </param>
            <param index="2">
              <value>
                <![CDATA[23-September-2022]]>
              </value>
            </param>
            <param index="3">
              <value>
                <![CDATA[6]]>
              </value>
            </param>
          </params>
          <reporter-output>
            <line>
              <![CDATA[Method name is: bookBusTicket]]>
            </line>
            <line>
              <![CDATA[Status of execution is: 1]]>
            </line>
          </reporter-output>
        </test-method> <!-- bookBusTicket -->
        <test-method signature="fillPassengerDetails(java.lang.String,java.lang.String,java.lang.String)[pri:4, instance:com.BusOnlineTicket.TestCases.HomePageTest@1460a8c0]" started-at="2022-08-01T17:53:00 IST" name="fillPassengerDetails" data-provider="passengerDetails" finished-at="2022-08-01T17:53:01 IST" duration-ms="915" status="PASS">
          <params>
            <param index="0">
              <value>
                <![CDATA[ShivaKumar M]]>
              </value>
            </param>
            <param index="1">
              <value>
                <![CDATA[7349295800]]>
              </value>
            </param>
            <param index="2">
              <value>
                <![CDATA[shiva@gmail.com]]>
              </value>
            </param>
          </params>
          <reporter-output>
            <line>
              <![CDATA[Method name is: fillPassengerDetails]]>
            </line>
            <line>
              <![CDATA[Status of execution is: 1]]>
            </line>
          </reporter-output>
        </test-method> <!-- fillPassengerDetails -->
        <test-method signature="verifyAlertPopupAndPrintAlertMsg()[pri:5, instance:com.BusOnlineTicket.TestCases.HomePageTest@1460a8c0]" started-at="2022-08-01T17:53:01 IST" name="verifyAlertPopupAndPrintAlertMsg" finished-at="2022-08-01T17:53:07 IST" duration-ms="6152" status="PASS">
          <reporter-output>
            <line>
              <![CDATA[Method name is: verifyAlertPopupAndPrintAlertMsg]]>
            </line>
            <line>
              <![CDATA[Status of execution is: 1]]>
            </line>
          </reporter-output>
        </test-method> <!-- verifyAlertPopupAndPrintAlertMsg -->
      </class> <!-- com.BusOnlineTicket.TestCases.HomePageTest -->
    </test> <!-- J:/Selenium_Projects/QA_Assessment_GormalOneLLP/src/test/java/com/BusOnlineTicket/TestCases/HomePageTest.java -->
  </suite> <!-- All Test Suite -->
</testng-results>
